c:\users\hiru\documents\visual studio 2013\projects\dissertation\spacesim\spacesim\debug\vc120.pdb
c:\users\hiru\documents\visual studio 2013\projects\dissertation\spacesim\spacesim\debug\vc120.idb
c:\users\hiru\documents\visual studio 2013\projects\dissertation\spacesim\spacesim\debug\flightcomponent.obj
c:\users\hiru\documents\visual studio 2013\projects\dissertation\spacesim\spacesim\debug\game.obj
c:\users\hiru\documents\visual studio 2013\projects\dissertation\spacesim\spacesim\debug\gameobject.obj
c:\users\hiru\documents\visual studio 2013\projects\dissertation\spacesim\spacesim\debug\inputcomponent.obj
c:\users\hiru\documents\visual studio 2013\projects\dissertation\spacesim\spacesim\debug\inputplayer.obj
c:\users\hiru\documents\visual studio 2013\projects\dissertation\spacesim\spacesim\debug\keypressmessage.obj
c:\users\hiru\documents\visual studio 2013\projects\dissertation\spacesim\spacesim\debug\main.obj
c:\users\hiru\documents\visual studio 2013\projects\dissertation\spacesim\spacesim\debug\mesh.obj
c:\users\hiru\documents\visual studio 2013\projects\dissertation\spacesim\spacesim\debug\message.obj
c:\users\hiru\documents\visual studio 2013\projects\dissertation\spacesim\spacesim\debug\planet.obj
c:\users\hiru\documents\visual studio 2013\projects\dissertation\spacesim\spacesim\debug\player.obj
c:\users\hiru\documents\visual studio 2013\projects\dissertation\spacesim\spacesim\debug\renderer.obj
c:\users\hiru\documents\visual studio 2013\projects\dissertation\spacesim\spacesim\debug\scene.obj
c:\users\hiru\documents\visual studio 2013\projects\dissertation\spacesim\spacesim\debug\scenemanager.obj
c:\users\hiru\documents\visual studio 2013\projects\dissertation\spacesim\spacesim\debug\spherecollisioncomponent.obj
c:\users\hiru\documents\visual studio 2013\projects\dissertation\spacesim\spacesim\debug\statuscomponent.obj
c:\users\hiru\documents\visual studio 2013\projects\dissertation\spacesim\spacesim\debug\testscene.obj
c:\users\hiru\documents\visual studio 2013\projects\dissertation\spacesim\spacesim\debug\texture.obj
c:\users\hiru\documents\visual studio 2013\projects\dissertation\spacesim\spacesim\debug\vbo.obj
c:\users\hiru\documents\visual studio 2013\projects\dissertation\spacesim\spacesim\debug\window.obj
c:\users\hiru\documents\visual studio 2013\projects\dissertation\spacesim\spacesim\debug\audioplayer.obj
c:\users\hiru\documents\visual studio 2013\projects\dissertation\spacesim\spacesim\debug\collisionmessage.obj
c:\users\hiru\documents\visual studio 2013\projects\dissertation\spacesim\spacesim\debug\component.obj
c:\users\hiru\documents\visual studio 2013\projects\dissertation\spacesim\spacesim\debug\damagemessage.obj
c:\users\hiru\documents\visual studio 2013\projects\dissertation\spacesim\spacesim\debug\laserbeam.obj
c:\users\hiru\documents\visual studio 2013\projects\dissertation\spacesim\spacesim\debug\skybox.obj
c:\users\hiru\documents\visual studio 2013\projects\dissertation\spacesim\spacesim\debug\camera.obj
c:\users\hiru\documents\visual studio 2013\projects\dissertation\spacesim\debug\spacesim.ilk
c:\users\hiru\documents\visual studio 2013\projects\dissertation\spacesim\debug\spacesim.exe
c:\users\hiru\documents\visual studio 2013\projects\dissertation\spacesim\debug\spacesim.pdb
c:\users\hiru\documents\visual studio 2013\projects\dissertation\spacesim\spacesim\debug\spacesim.tlog\cl.command.1.tlog
c:\users\hiru\documents\visual studio 2013\projects\dissertation\spacesim\spacesim\debug\spacesim.tlog\cl.read.1.tlog
c:\users\hiru\documents\visual studio 2013\projects\dissertation\spacesim\spacesim\debug\spacesim.tlog\cl.write.1.tlog
c:\users\hiru\documents\visual studio 2013\projects\dissertation\spacesim\spacesim\debug\spacesim.tlog\link.command.1.tlog
c:\users\hiru\documents\visual studio 2013\projects\dissertation\spacesim\spacesim\debug\spacesim.tlog\link.read.1.tlog
c:\users\hiru\documents\visual studio 2013\projects\dissertation\spacesim\spacesim\debug\spacesim.tlog\link.write.1.tlog
